<?xml version="1.0" encoding="UTF-8"?>
<!-- Generated by org.testng.reporters.JUnitReportReporter -->
<testsuite hostname="IN-PG02NKJ9" failures="0" tests="3" name="Flipkart.ExitTest.Basic_Flipkart_TC" time="23.580" errors="0" timestamp="2023-01-05T20:11:46 IST" skipped="0">
  <testcase classname="Flipkart.ExitTest.Basic_Flipkart_TC" name="login_TestCase" time="7.512"/>
  <system-out/>
  <testcase classname="Flipkart.ExitTest.Basic_Flipkart_TC" name="verify_Title" time="1.418"/>
  <system-out/>
  <testcase classname="Flipkart.ExitTest.Basic_Flipkart_TC" name="Search_Item_TestCase" time="14.650"/>
  <system-out/>
</testsuite> <!-- Flipkart.ExitTest.Basic_Flipkart_TC -->
