<?xml version="1.0" encoding="UTF-8"?>
<!-- Generated by org.testng.reporters.JUnitReportReporter -->
<testsuite hostname="IN-PG02NKJ9" failures="0" tests="2" name="Flipkart.ExitTest.Test_AddToCart_and_BuyNow" time="24.401" errors="0" timestamp="2023-01-09T22:42:57 IST" skipped="0">
  <testcase classname="Flipkart.ExitTest.Test_AddToCart_and_BuyNow" name="Test_Add_to_cart" time="13.824"/>
  <system-out/>
  <testcase classname="Flipkart.ExitTest.Test_AddToCart_and_BuyNow" name="Test_Buy_Now" time="10.577"/>
  <system-out/>
</testsuite> <!-- Flipkart.ExitTest.Test_AddToCart_and_BuyNow -->
