<?xml version="1.0" encoding="UTF-8"?>
<!-- Generated by org.testng.reporters.JUnitReportReporter -->
<testsuite hostname="IN-PG02NKJ9" failures="0" tests="3" name="Flipkart.ExitTest.Test_SearchFuctionality" time="31.285" errors="0" timestamp="2023-01-09T22:42:57 IST" skipped="0">
  <testcase classname="Flipkart.ExitTest.Test_SearchFuctionality" name="Test_compare_product" time="11.443"/>
  <system-out/>
  <testcase classname="Flipkart.ExitTest.Test_SearchFuctionality" name="Test_SearchAndCheckSpecification" time="7.099"/>
  <system-out/>
  <testcase classname="Flipkart.ExitTest.Test_SearchFuctionality" name="Test_Hower_on_product" time="12.743"/>
  <system-out/>
</testsuite> <!-- Flipkart.ExitTest.Test_SearchFuctionality -->
