<?xml version="1.0" encoding="UTF-8"?>
<!-- Generated by org.testng.reporters.JUnitReportReporter -->
<testsuite hostname="IN-PG02NKJ9" failures="0" tests="3" name="Flipkart.ExitTest.Test_Grocery" time="43.586" errors="0" timestamp="2023-01-09T23:08:37 IST" skipped="0">
  <testcase classname="Flipkart.ExitTest.Test_Grocery" name="Test_checkGroeryCart" time="11.135"/>
  <system-out/>
  <testcase classname="Flipkart.ExitTest.Test_Grocery" name="Test_AddGroceryItem" time="9.865"/>
  <system-out/>
  <testcase classname="Flipkart.ExitTest.Test_Grocery" name="Test_CheckGrocetyFilter" time="22.586"/>
  <system-out/>
</testsuite> <!-- Flipkart.ExitTest.Test_Grocery -->
