<?xml version="1.0" encoding="UTF-8"?>
<!-- Generated by org.testng.reporters.JUnitReportReporter -->
<testsuite hostname="IN-PG02NKJ9" failures="0" tests="3" name="Flipkart.ExitTest.Test_Footer" time="52.478" errors="0" timestamp="2023-01-09T23:08:37 IST" skipped="0">
  <testcase classname="Flipkart.ExitTest.Test_Footer" name="Test_Social_Media" time="21.943"/>
  <system-out/>
  <testcase classname="Flipkart.ExitTest.Test_Footer" name="Test_FAQ" time="10.013"/>
  <system-out/>
  <testcase classname="Flipkart.ExitTest.Test_Footer" name="Test_Careers" time="20.522"/>
  <system-out/>
</testsuite> <!-- Flipkart.ExitTest.Test_Footer -->
