<?xml version="1.0" encoding="UTF-8"?>
<!-- Generated by org.testng.reporters.JUnitReportReporter -->
<testsuite hostname="IN-PG02NKJ9" failures="0" tests="1" name="Flipkart.ExitTest.Test_Travel" time="25.945" errors="0" timestamp="2023-01-09T23:08:37 IST" skipped="0">
  <testcase classname="Flipkart.ExitTest.Test_Travel" name="Test_searchFlight" time="25.945"/>
  <system-out/>
</testsuite> <!-- Flipkart.ExitTest.Test_Travel -->
