<?xml version="1.0" encoding="UTF-8"?>
<!-- Generated by org.testng.reporters.JUnitReportReporter -->
<testsuite hostname="IN-PG02NKJ9" failures="0" tests="3" name="Flipkart.ExitTest.Test_SearchFuctionality" time="38.216" errors="0" timestamp="2023-01-09T23:08:37 IST" skipped="0">
  <testcase classname="Flipkart.ExitTest.Test_SearchFuctionality" name="Test_compare_product" time="14.323"/>
  <system-out/>
  <testcase classname="Flipkart.ExitTest.Test_SearchFuctionality" name="Test_SearchAndCheckSpecification" time="9.513"/>
  <system-out/>
  <testcase classname="Flipkart.ExitTest.Test_SearchFuctionality" name="Test_Hower_on_product" time="14.380"/>
  <system-out/>
</testsuite> <!-- Flipkart.ExitTest.Test_SearchFuctionality -->
