<?xml version="1.0" encoding="UTF-8"?>
<!-- Generated by org.testng.reporters.JUnitReportReporter -->
<testsuite hostname="IN-PG02NKJ9" failures="0" tests="3" name="Flipkart.ExitTest.Test_Basic_Flipkart" time="55.976" errors="0" timestamp="2023-01-09T23:08:37 IST" skipped="0">
  <testcase classname="Flipkart.ExitTest.Test_Basic_Flipkart" name="Test_verify_Title" time="1.372"/>
  <system-out/>
  <testcase classname="Flipkart.ExitTest.Test_Basic_Flipkart" name="Test_loginFlipkart" time="4.949"/>
  <system-out/>
  <testcase classname="Flipkart.ExitTest.Test_Basic_Flipkart" name="Test_Search_Item" time="49.655"/>
  <system-out/>
</testsuite> <!-- Flipkart.ExitTest.Test_Basic_Flipkart -->
