<?xml version="1.0" encoding="UTF-8"?>
<!-- Generated by org.testng.reporters.JUnitReportReporter -->
<testsuite hostname="IN-PG02NKJ9" failures="0" tests="5" name="Flipkart.ExitTest.Test_Headers" time="57.438" errors="0" timestamp="2023-01-09T23:08:37 IST" skipped="0">
  <testcase classname="Flipkart.ExitTest.Test_Headers" name="Test_MensFasion" time="7.281"/>
  <system-out/>
  <testcase classname="Flipkart.ExitTest.Test_Headers" name="Test_Home_Furnishings" time="8.388"/>
  <system-out/>
  <testcase classname="Flipkart.ExitTest.Test_Headers" name="Test_Top_offer" time="4.146"/>
  <system-out/>
  <testcase classname="Flipkart.ExitTest.Test_Headers" name="Test_MotorVehicle" time="10.496"/>
  <system-out/>
  <testcase classname="Flipkart.ExitTest.Test_Headers" name="Test_BestSeller" time="27.127"/>
  <system-out/>
</testsuite> <!-- Flipkart.ExitTest.Test_Headers -->
